<?xml version="1.0" encoding="UTF-8"?>
<!-- Generated by org.testng.reporters.JUnitReportReporter -->
<testsuite hostname="DESKTOP-PGVA324" failures="0" tests="1" name="runner.Runner" time="68.730" errors="0" timestamp="2022-08-18T23:45:03 GMT-04:00" skipped="0">
  <testcase classname="runner.Runner" name="runScenario" time="68.730"/>
  <system-out/>
</testsuite> <!-- runner.Runner -->
