<?xml version="1.0" encoding="UTF-8"?>
<!-- Generated by org.testng.reporters.JUnitReportReporter -->
<testsuite hostname="DESKTOP-PGVA324" failures="0" tests="1" name="tests.ThreeTest" time="161.590" errors="0" timestamp="2022-08-18T14:56:49 GMT-04:00" skipped="0">
  <testcase classname="tests.ThreeTest" name="threetest" time="161.590"/>
  <system-out/>
</testsuite> <!-- tests.ThreeTest -->
