<?xml version="1.0" encoding="UTF-8"?>
<!-- Generated by org.testng.reporters.JUnitReportReporter -->
<testsuite hostname="DESKTOP-PGVA324" failures="0" tests="1" name="tests.TwoTest" time="0.000" errors="0" timestamp="2022-08-16T22:56:40 GMT-04:00" skipped="0">
  <testcase classname="tests.TwoTest" name="twotest" time="0.000"/>
  <system-out/>
</testsuite> <!-- tests.TwoTest -->
