<?xml version="1.0" encoding="UTF-8"?>
<!-- Generated by org.testng.reporters.JUnitReportReporter -->
<testsuite hostname="DESKTOP-PGVA324" failures="0" tests="1" name="tests.FourTest" time="0.005" errors="0" timestamp="2022-08-16T22:56:40 GMT-04:00" skipped="0">
  <testcase classname="tests.FourTest" name="fourtest" time="0.005"/>
  <system-out/>
</testsuite> <!-- tests.FourTest -->
