<?xml version="1.0" encoding="UTF-8"?>
<!-- Generated by org.testng.reporters.JUnitReportReporter -->
<testsuite hostname="DESKTOP-PGVA324" failures="0" tests="2" name="tests.LoginTest" time="124.657" errors="0" timestamp="2022-08-16T22:56:40 GMT-04:00" skipped="0">
  <testcase classname="tests.LoginTest" name="login" time="44.877"/>
  <system-out/>
  <testcase classname="tests.LoginTest" name="login" time="79.780"/>
  <system-out/>
</testsuite> <!-- tests.LoginTest -->
